current directory: /home/t530-dev/Projects/testing-appedge/.gem/ruby/3.4.0/gems/date-3.4.1/ext/date
/home/t530-dev/.asdf/installs/ruby/3.4.1/bin/ruby extconf.rb
checking for rb_category_warn()... yes
checking for timezone in time.h with -Werror... yes
checking for altzone in time.h with -Werror... no
creating Makefile

current directory: /home/t530-dev/Projects/testing-appedge/.gem/ruby/3.4.0/gems/date-3.4.1/ext/date
make DESTDIR\= sitearchdir\=./.gem.20241226-58851-afuequ sitelibdir\=./.gem.20241226-58851-afuequ clean

current directory: /home/t530-dev/Projects/testing-appedge/.gem/ruby/3.4.0/gems/date-3.4.1/ext/date
make DESTDIR\= sitearchdir\=./.gem.20241226-58851-afuequ sitelibdir\=./.gem.20241226-58851-afuequ
compiling date_core.c
compiling date_parse.c
compiling date_strftime.c
compiling date_strptime.c
linking shared-object date_core.so

current directory: /home/t530-dev/Projects/testing-appedge/.gem/ruby/3.4.0/gems/date-3.4.1/ext/date
make DESTDIR\= sitearchdir\=./.gem.20241226-58851-afuequ sitelibdir\=./.gem.20241226-58851-afuequ install
/usr/bin/install -c -m 0755 date_core.so ./.gem.20241226-58851-afuequ

current directory: /home/t530-dev/Projects/testing-appedge/.gem/ruby/3.4.0/gems/date-3.4.1/ext/date
make DESTDIR\= sitearchdir\=./.gem.20241226-58851-afuequ sitelibdir\=./.gem.20241226-58851-afuequ clean
