current directory: /home/t530-dev/Projects/testing-appedge/.gem/ruby/3.4.0/gems/json-2.9.1/ext/json/ext/parser
/home/t530-dev/.asdf/installs/ruby/3.4.1/bin/ruby extconf.rb
checking for rb_enc_interned_str() in ruby.h... yes
checking for rb_hash_new_capa() in ruby.h... yes
checking for rb_hash_bulk_insert() in ruby.h... yes
checking for rb_category_warn() in ruby.h... yes
checking for strnlen() in string.h... yes
checking for whether -std=c99 is accepted as CFLAGS... yes
creating Makefile

current directory: /home/t530-dev/Projects/testing-appedge/.gem/ruby/3.4.0/gems/json-2.9.1/ext/json/ext/parser
make DESTDIR\= sitearchdir\=./.gem.20241226-58851-5qsci4 sitelibdir\=./.gem.20241226-58851-5qsci4 clean

current directory: /home/t530-dev/Projects/testing-appedge/.gem/ruby/3.4.0/gems/json-2.9.1/ext/json/ext/parser
make DESTDIR\= sitearchdir\=./.gem.20241226-58851-5qsci4 sitelibdir\=./.gem.20241226-58851-5qsci4
compiling parser.c
linking shared-object json/ext/parser.so

current directory: /home/t530-dev/Projects/testing-appedge/.gem/ruby/3.4.0/gems/json-2.9.1/ext/json/ext/parser
make DESTDIR\= sitearchdir\=./.gem.20241226-58851-5qsci4 sitelibdir\=./.gem.20241226-58851-5qsci4 install
/usr/bin/install -c -m 0755 parser.so ./.gem.20241226-58851-5qsci4/json/ext

current directory: /home/t530-dev/Projects/testing-appedge/.gem/ruby/3.4.0/gems/json-2.9.1/ext/json/ext/parser
make DESTDIR\= sitearchdir\=./.gem.20241226-58851-5qsci4 sitelibdir\=./.gem.20241226-58851-5qsci4 clean
