current directory: /home/t530-dev/Projects/testing-appedge/.gem/ruby/3.4.0/gems/psych-5.2.2/ext/psych
/home/t530-dev/.asdf/installs/ruby/3.4.1/bin/ruby extconf.rb
checking for pkg-config for yaml-0.1... [" ", "", "-lyaml"]
checking for yaml.h... yes
checking for yaml_get_version() in -lyaml... yes
creating Makefile

current directory: /home/t530-dev/Projects/testing-appedge/.gem/ruby/3.4.0/gems/psych-5.2.2/ext/psych
make DESTDIR\= sitearchdir\=./.gem.20241226-58851-5p1v9 sitelibdir\=./.gem.20241226-58851-5p1v9 clean
cd libyaml && make clean
/bin/sh: 1: cd: can't cd to libyaml
make: [Makefile:287: clean-so] Error 2 (ignored)

current directory: /home/t530-dev/Projects/testing-appedge/.gem/ruby/3.4.0/gems/psych-5.2.2/ext/psych
make DESTDIR\= sitearchdir\=./.gem.20241226-58851-5p1v9 sitelibdir\=./.gem.20241226-58851-5p1v9
compiling psych.c
compiling psych_emitter.c
compiling psych_parser.c
compiling psych_to_ruby.c
compiling psych_yaml_tree.c
linking shared-object psych.so

current directory: /home/t530-dev/Projects/testing-appedge/.gem/ruby/3.4.0/gems/psych-5.2.2/ext/psych
make DESTDIR\= sitearchdir\=./.gem.20241226-58851-5p1v9 sitelibdir\=./.gem.20241226-58851-5p1v9 install
/usr/bin/install -c -m 0755 psych.so ./.gem.20241226-58851-5p1v9

current directory: /home/t530-dev/Projects/testing-appedge/.gem/ruby/3.4.0/gems/psych-5.2.2/ext/psych
make DESTDIR\= sitearchdir\=./.gem.20241226-58851-5p1v9 sitelibdir\=./.gem.20241226-58851-5p1v9 clean
cd libyaml && make clean
/bin/sh: 1: cd: can't cd to libyaml
make: [Makefile:287: clean-so] Error 2 (ignored)
