current directory: /home/t530-dev/Projects/testing-appedge/.gem/ruby/3.4.0/gems/io-console-0.8.0/ext/io/console
/home/t530-dev/.asdf/installs/ruby/3.4.1/bin/ruby extconf.rb
checking for rb_syserr_fail_str(0, Qnil)... yes
checking for rb_interned_str_cstr()... yes
checking for rb_io_path()... yes
checking for rb_io_descriptor()... yes
checking for rb_io_get_write_io()... yes
checking for rb_io_closed_p()... yes
checking for rb_io_open_descriptor()... yes
checking for rb_ractor_local_storage_value_newkey()... yes
checking for termios.h... yes
checking for cfmakeraw() in termios.h... yes
checking for sys/ioctl.h... yes
checking for HAVE_RUBY_FIBER_SCHEDULER_H... yes
checking for ttyname_r()... yes
creating Makefile

current directory: /home/t530-dev/Projects/testing-appedge/.gem/ruby/3.4.0/gems/io-console-0.8.0/ext/io/console
make DESTDIR\= sitearchdir\=./.gem.20241226-58851-ni7wqy sitelibdir\=./.gem.20241226-58851-ni7wqy clean

current directory: /home/t530-dev/Projects/testing-appedge/.gem/ruby/3.4.0/gems/io-console-0.8.0/ext/io/console
make DESTDIR\= sitearchdir\=./.gem.20241226-58851-ni7wqy sitelibdir\=./.gem.20241226-58851-ni7wqy
compiling console.c
linking shared-object io/console.so

current directory: /home/t530-dev/Projects/testing-appedge/.gem/ruby/3.4.0/gems/io-console-0.8.0/ext/io/console
make DESTDIR\= sitearchdir\=./.gem.20241226-58851-ni7wqy sitelibdir\=./.gem.20241226-58851-ni7wqy install
/usr/bin/install -c -m 0755 console.so ./.gem.20241226-58851-ni7wqy/io

current directory: /home/t530-dev/Projects/testing-appedge/.gem/ruby/3.4.0/gems/io-console-0.8.0/ext/io/console
make DESTDIR\= sitearchdir\=./.gem.20241226-58851-ni7wqy sitelibdir\=./.gem.20241226-58851-ni7wqy clean
